marked is not defined

--------- beginning of main
--------- beginning of system
2024-09-13 11:24:05.090  2652-2652  m.entalpiya.app         com.entalpiya.app                    I  Late-enabling -Xcheck:jni
2024-09-13 11:24:05.119  2652-2652  m.entalpiya.app         com.entalpiya.app                    I  Using CollectorTypeCMC GC.
2024-09-13 11:24:05.121  2652-2652  m.entalpiya.app         com.entalpiya.app                    W  Unexpected CPU variant for x86: x86_64.
                                                                                                    Known variants: atom, sandybridge, silvermont, goldmont, goldmont-plus, goldmont-without-sha-xsaves, tremont, kabylake, default
2024-09-13 11:24:05.149  2652-2652  nativeloader            com.entalpiya.app                    D  Load libframework-connectivity-tiramisu-jni.so using APEX ns com_android_tethering for caller /apex/com.android.tethering/javalib/framework-connectivity-t.jar: ok
2024-09-13 11:24:05.701  2652-2652  Compatibil...geReporter com.entalpiya.app                    D  Compat change id reported: 171979766; UID 10190; state: ENABLED
2024-09-13 11:24:05.701  2652-2652  Compatibil...geReporter com.entalpiya.app                    D  Compat change id reported: 242716250; UID 10190; state: DISABLED
2024-09-13 11:24:05.876  2652-2652  ziparchive              com.entalpiya.app                    W  Unable to open '/data/app/~~YIRqVuhwcsEh0ISzSy9teA==/com.entalpiya.app-VG-c7l_qxrRhFABOVsHjSg==/base.dm': No such file or directory
2024-09-13 11:24:05.876  2652-2652  ziparchive              com.entalpiya.app                    W  Unable to open '/data/app/~~YIRqVuhwcsEh0ISzSy9teA==/com.entalpiya.app-VG-c7l_qxrRhFABOVsHjSg==/base.dm': No such file or directory
2024-09-13 11:24:06.708  2652-2652  nativeloader            com.entalpiya.app                    D  Configuring clns-6 for other apk /data/app/~~YIRqVuhwcsEh0ISzSy9teA==/com.entalpiya.app-VG-c7l_qxrRhFABOVsHjSg==/base.apk. target_sdk_version=33, uses_libraries=, library_path=/data/app/~~YIRqVuhwcsEh0ISzSy9teA==/com.entalpiya.app-VG-c7l_qxrRhFABOVsHjSg==/lib/x86_64, permitted_path=/data:/mnt/expand:/data/user/0/com.entalpiya.app
2024-09-13 11:24:07.242  2652-2652  nativeloader            com.entalpiya.app                    D  Load libframework-connectivity-jni.so using APEX ns com_android_tethering for caller /apex/com.android.tethering/javalib/framework-connectivity.jar: ok
2024-09-13 11:24:07.305  2652-2652  GraphicsEnvironment     com.entalpiya.app                    V  Currently set values for:
2024-09-13 11:24:07.305  2652-2652  GraphicsEnvironment     com.entalpiya.app                    V    angle_gl_driver_selection_pkgs=[]
2024-09-13 11:24:07.305  2652-2652  GraphicsEnvironment     com.entalpiya.app                    V    angle_gl_driver_selection_values=[]
2024-09-13 11:24:07.325  2652-2652  GraphicsEnvironment     com.entalpiya.app                    V  ANGLE GameManagerService for com.entalpiya.app: false
2024-09-13 11:24:07.325  2652-2652  GraphicsEnvironment     com.entalpiya.app                    V  com.entalpiya.app is not listed in per-application setting
2024-09-13 11:24:07.329  2652-2652  GraphicsEnvironment     com.entalpiya.app                    V  Neither updatable production driver nor prerelease driver is supported.
2024-09-13 11:24:07.976  2652-2791  libEGL                  com.entalpiya.app                    D  loaded /vendor/lib64/egl/libEGL_emulation.so
2024-09-13 11:24:07.977  2652-2791  libEGL                  com.entalpiya.app                    D  loaded /vendor/lib64/egl/libGLESv1_CM_emulation.so
2024-09-13 11:24:07.979  2652-2791  libEGL                  com.entalpiya.app                    D  loaded /vendor/lib64/egl/libGLESv2_emulation.so
2024-09-13 11:24:09.774  2652-2652  Compatibil...geReporter com.entalpiya.app                    D  Compat change id reported: 237531167; UID 10190; state: DISABLED
2024-09-13 11:24:09.801  2652-2652  OpenGLRenderer          com.entalpiya.app                    W  Unknown dataspace 0
2024-09-13 11:24:09.932  2652-2652  Choreographer           com.entalpiya.app                    I  Skipped 135 frames!  The application may be doing too much work on its main thread.
2024-09-13 11:24:10.405  2652-2661  m.entalpiya.app         com.entalpiya.app                    I  Compiler allocated 4478KB to compile void android.view.ViewRootImpl.performTraversals()
2024-09-13 11:24:10.825  2652-2652  m.entalpiya.app         com.entalpiya.app                    W  Method java.lang.Object androidx.compose.runtime.snapshots.SnapshotStateMap.mutate(kotlin.jvm.functions.Function1) failed lock verification and will run slower.
                                                                                                    Common causes for lock verification issues are non-optimized dex code
                                                                                                    and incorrect proguard optimizations.
2024-09-13 11:24:10.825  2652-2652  m.entalpiya.app         com.entalpiya.app                    W  Method void androidx.compose.runtime.snapshots.SnapshotStateMap.update(kotlin.jvm.functions.Function1) failed lock verification and will run slower.
2024-09-13 11:24:10.828  2652-2652  m.entalpiya.app         com.entalpiya.app                    W  Method boolean androidx.compose.runtime.snapshots.SnapshotStateMap.removeIf$runtime_release(kotlin.jvm.functions.Function1) failed lock verification and will run slower.
2024-09-13 11:24:11.976  2652-2652  ziparchive              com.entalpiya.app                    W  Unable to open '/data/app/~~USrxb2BpJrckChBoGxXhVQ==/com.google.android.trichromelibrary_653310338-IQoGbH1Bx6FuG4EgCAed9w==/base.dm': No such file or directory
2024-09-13 11:24:11.976  2652-2652  ziparchive              com.entalpiya.app                    W  Unable to open '/data/app/~~USrxb2BpJrckChBoGxXhVQ==/com.google.android.trichromelibrary_653310338-IQoGbH1Bx6FuG4EgCAed9w==/base.dm': No such file or directory
2024-09-13 11:24:11.977  2652-2652  m.entalpiya.app         com.entalpiya.app                    W  Entry not found
2024-09-13 11:24:11.980  2652-2652  nativeloader            com.entalpiya.app                    D  Configuring clns-7 for other apk /data/app/~~USrxb2BpJrckChBoGxXhVQ==/com.google.android.trichromelibrary_653310338-IQoGbH1Bx6FuG4EgCAed9w==/base.apk. target_sdk_version=35, uses_libraries=ALL, library_path=/data/app/~~Sxozd8P1p67BjdRKYXnI2A==/com.google.android.webview-5g6Cun7sF9LyY-DonupzNQ==/lib/x86_64:/data/app/~~Sxozd8P1p67BjdRKYXnI2A==/com.google.android.webview-5g6Cun7sF9LyY-DonupzNQ==/base.apk!/lib/x86_64:/data/app/~~USrxb2BpJrckChBoGxXhVQ==/com.google.android.trichromelibrary_653310338-IQoGbH1Bx6FuG4EgCAed9w==/base.apk!/lib/x86_64, permitted_path=/data:/mnt/expand
2024-09-13 11:24:11.980  2652-2652  ApplicationLoaders      com.entalpiya.app                    D  Returning zygote-cached class loader: /system_ext/framework/androidx.window.extensions.jar
2024-09-13 11:24:11.986  2652-2652  nativeloader            com.entalpiya.app                    D  Configuring clns-8 for other apk /data/app/~~Sxozd8P1p67BjdRKYXnI2A==/com.google.android.webview-5g6Cun7sF9LyY-DonupzNQ==/base.apk. target_sdk_version=35, uses_libraries=, library_path=/data/app/~~Sxozd8P1p67BjdRKYXnI2A==/com.google.android.webview-5g6Cun7sF9LyY-DonupzNQ==/lib/x86_64:/data/app/~~Sxozd8P1p67BjdRKYXnI2A==/com.google.android.webview-5g6Cun7sF9LyY-DonupzNQ==/base.apk!/lib/x86_64:/data/app/~~USrxb2BpJrckChBoGxXhVQ==/com.google.android.trichromelibrary_653310338-IQoGbH1Bx6FuG4EgCAed9w==/base.apk!/lib/x86_64, permitted_path=/data:/mnt/expand
2024-09-13 11:24:11.997  2652-2652  WebViewFactory          com.entalpiya.app                    I  Loading com.google.android.webview version 127.0.6533.103 (code 653310338)
2024-09-13 11:24:12.324  2652-2652  cr_WVCFactoryProvider   com.entalpiya.app                    I  version=127.0.6533.103 (653310338) minSdkVersion=29 isBundle=true multiprocess=true packageId=2
2024-09-13 11:24:12.385  2652-2652  nativeloader            com.entalpiya.app                    D  Load /data/app/~~USrxb2BpJrckChBoGxXhVQ==/com.google.android.trichromelibrary_653310338-IQoGbH1Bx6FuG4EgCAed9w==/base.apk!/lib/x86_64/libmonochrome_64.so using ns clns-8 from class loader (caller=/data/app/~~Sxozd8P1p67BjdRKYXnI2A==/com.google.android.webview-5g6Cun7sF9LyY-DonupzNQ==/base.apk): ok
2024-09-13 11:24:12.432  2652-2652  nativeloader            com.entalpiya.app                    D  Load /system/lib64/libwebviewchromium_plat_support.so using ns clns-8 from class loader (caller=/data/app/~~Sxozd8P1p67BjdRKYXnI2A==/com.google.android.webview-5g6Cun7sF9LyY-DonupzNQ==/base.apk): ok
2024-09-13 11:24:12.531  2652-2652  cr_LibraryLoader        com.entalpiya.app                    I  Successfully loaded native library
2024-09-13 11:24:12.550  2652-2652  cr_CachingUmaRecorder   com.entalpiya.app                    I  Flushed 6 samples from 6 histograms, 0 samples were dropped.
2024-09-13 11:24:12.564  2652-3008  chromium                com.entalpiya.app                    E  [ERROR:variations_seed_loader.cc(39)] Seed missing signature.
2024-09-13 11:24:12.570  2652-3008  chromium                com.entalpiya.app                    I  [INFO:variations_seed_loader.cc(68)] Failed to open file for reading.: No such file or directory (2)
2024-09-13 11:24:12.618  2652-2652  cr_CombinedPProvider    com.entalpiya.app                    I  #registerProvider() provider:WV.V7@3178065 isPolicyCacheEnabled:false policyProvidersSize:0
2024-09-13 11:24:12.653  2652-2652  cr_PolicyProvider       com.entalpiya.app                    I  #setManagerAndSource() 0
2024-09-13 11:24:12.902  2652-2652  cr_CombinedPProvider    com.entalpiya.app                    I  #linkNativeInternal() 1
2024-09-13 11:24:12.903  2652-2652  Compatibil...geReporter com.entalpiya.app                    D  Compat change id reported: 183155436; UID 10190; state: ENABLED
2024-09-13 11:24:12.906  2652-2652  cr_AppResProvider       com.entalpiya.app                    I  #getApplicationRestrictionsFromUserManager() Bundle[EMPTY_PARCEL]
2024-09-13 11:24:12.906  2652-2652  cr_PolicyProvider       com.entalpiya.app                    I  #notifySettingsAvailable() 0
2024-09-13 11:24:12.906  2652-2652  cr_CombinedPProvider    com.entalpiya.app                    I  #onSettingsAvailable() 0
2024-09-13 11:24:12.906  2652-2652  cr_CombinedPProvider    com.entalpiya.app                    I  #flushPolicies()
2024-09-13 11:24:16.087  2652-2652  Compatibil...geReporter com.entalpiya.app                    D  Compat change id reported: 214741472; UID 10190; state: ENABLED
2024-09-13 11:24:16.119  2652-2652  Compatibil...geReporter com.entalpiya.app                    D  Compat change id reported: 171228096; UID 10190; state: ENABLED
2024-09-13 11:24:18.740  2652-3109  cr_media                com.entalpiya.app                    W  BLUETOOTH_CONNECT permission is missing.
2024-09-13 11:24:18.780  2652-3109  cr_media                com.entalpiya.app                    W  getBluetoothAdapter() requires BLUETOOTH permission
2024-09-13 11:24:18.780  2652-3109  cr_media                com.entalpiya.app                    W  registerBluetoothIntentsIfNeeded: Requires BLUETOOTH permission
2024-09-13 11:24:19.071  2652-2652  Compatibil...geReporter com.entalpiya.app                    D  Compat change id reported: 193247900; UID 10190; state: ENABLED
2024-09-13 11:24:19.569  2652-2789  OpenGLRenderer          com.entalpiya.app                    W  Failed to choose config with EGL_SWAP_BEHAVIOR_PRESERVED, retrying without...
2024-09-13 11:24:19.569  2652-2789  OpenGLRenderer          com.entalpiya.app                    W  Failed to initialize 101010-2 format, error = EGL_SUCCESS
2024-09-13 11:24:19.670  2652-2661  m.entalpiya.app         com.entalpiya.app                    I  Compiler allocated 4746KB to compile void android.view.ViewRootImpl.performTraversals()
2024-09-13 11:24:19.693  2652-2789  Gralloc4                com.entalpiya.app                    I  mapper 4.x is not supported
2024-09-13 11:24:19.783  2652-2789  OpenGLRenderer          com.entalpiya.app                    E  Unable to match the desired swap behavior.
2024-09-13 11:24:20.064  2652-3366  OpenGLRenderer          com.entalpiya.app                    I  Davey! duration=12370ms; Flags=1, FrameTimelineVsyncId=9982, IntendedVsync=50725469388, Vsync=52975469298, InputEventId=0, HandleInputStart=53009566700, AnimationStart=53009626300, PerformTraversalsStart=53009939700, DrawStart=62834178000, FrameDeadline=50742136054, FrameInterval=52982012000, FrameStartTime=16666666, SyncQueued=63020929700, SyncStart=63021712200, IssueDrawCommandsStart=63023310700, SwapBuffers=63091505300, FrameCompleted=63097124700, DequeueBufferDuration=39400, QueueBufferDuration=4480300, GpuCompleted=63096953900, SwapBuffersCompleted=63097124700, DisplayPresentTime=0, CommandSubmissionCompleted=63091505300,
2024-09-13 11:24:20.979  2652-2662  m.entalpiya.app         com.entalpiya.app                    I  Background concurrent mark compact GC freed 3610KB AllocSpace bytes, 7(140KB) LOS objects, 49% free, 4212KB/8425KB, paused 1.052ms,2.522ms total 182.105ms
2024-09-13 11:24:21.340  2652-3101  Compatibil...geReporter com.entalpiya.app                    D  Compat change id reported: 247079863; UID 10190; state: DISABLED
2024-09-13 11:24:21.341  2652-3083  Compatibil...geReporter com.entalpiya.app                    D  Compat change id reported: 247079863; UID 10190; state: DISABLED
2024-09-13 11:24:21.355  2652-2652  Choreographer           com.entalpiya.app                    I  Skipped 661 frames!  The application may be doing too much work on its main thread.
2024-09-13 11:24:21.459  2652-3366  OpenGLRenderer          com.entalpiya.app                    I  Davey! duration=11100ms; Flags=0, FrameTimelineVsyncId=10045, IntendedVsync=53375480344, Vsync=64392145248, InputEventId=0, HandleInputStart=64408317400, AnimationStart=64408343800, PerformTraversalsStart=64461406400, DrawStart=64462358800, FrameDeadline=63125468892, FrameInterval=64404742400, FrameStartTime=16666664, SyncQueued=64462947300, SyncStart=64463018600, IssueDrawCommandsStart=64463117600, SwapBuffers=64467351200, FrameCompleted=64476427600, DequeueBufferDuration=28800, QueueBufferDuration=658500, GpuCompleted=64476427600, SwapBuffersCompleted=64468808200, DisplayPresentTime=0, CommandSubmissionCompleted=64467351200,
2024-09-13 11:24:21.902  2652-2652  chromium                com.entalpiya.app                    I  [INFO:CONSOLE(19)] "Uncaught SyntaxError: Invalid or unexpected token", source: file:///android_asset (19)
2024-09-13 11:24:21.931  2652-3440  ProfileInstaller        com.entalpiya.app                    D  Installing profile for com.entalpiya.app
2024-09-13 11:24:22.184  2652-2652  Choreographer           com.entalpiya.app                    I  Skipped 46 frames!  The application may be doing too much work on its main thread.
2024-09-13 11:24:22.601  2652-3051  GmsClient               com.entalpiya.app                    W  mServiceBroker is null, client disconnected
2024-09-13 11:24:23.800  2652-2789  EGL_emulation           com.entalpiya.app                    D  app_time_stats: avg=1876.40ms min=1371.63ms max=2381.17ms count=2
2024-09-13 11:24:27.263  2652-2789  EGL_emulation           com.entalpiya.app                    D  app_time_stats: avg=865.69ms min=42.62ms max=3172.23ms count=4
2024-09-13 11:24:29.925  2652-2789  EGL_emulation           com.entalpiya.app                    D  app_time_stats: avg=1330.77ms min=184.06ms max=2477.48ms count=2
2024-09-13 11:24:31.097  2652-2789  EGL_emulation           com.entalpiya.app                    D  app_time_stats: avg=292.96ms min=42.18ms max=1027.24ms count=4
2024-09-13 11:24:32.555  2652-2789  EGL_emulation           com.entalpiya.app                    D  app_time_stats: avg=112.01ms min=14.28ms max=1018.85ms count=13
2024-09-13 11:24:33.877  2652-2789  EGL_emulation           com.entalpiya.app                    D  app_time_stats: avg=48.36ms min=4.60ms max=581.67ms count=26
2024-09-13 11:24:35.166  2652-2789  EGL_emulation           com.entalpiya.app                    D  app_time_stats: avg=52.59ms min=5.06ms max=617.47ms count=23
2024-09-13 11:24:36.174  2652-2789  EGL_emulation           com.entalpiya.app                    D  app_time_stats: avg=70.84ms min=7.67ms max=571.93ms count=14
2024-09-13 11:24:37.195  2652-2789  EGL_emulation           com.entalpiya.app                    D  app_time_stats: avg=30.48ms min=9.28ms max=89.04ms count=31
2024-09-13 11:26:43.486  2652-2652  nativeloader            com.entalpiya.app                    D  Load /data/data/com.entalpiya.app/code_cache/startup_agents/8e9a2d18-agent.so using ns clns-6 from class loader (caller=<unknown>): ok
2024-09-13 11:26:43.482  2652-2652  m.entalpiya.app         com.entalpiya.app                    W  type=1400 audit(0.0:146): avc:  granted  { execute } for  path="/data/data/com.entalpiya.app/code_cache/startup_agents/8e9a2d18-agent.so" dev="dm-40" ino=368923 scontext=u:r:untrusted_app_32:s0:c190,c256,c512,c768 tcontext=u:object_r:app_data_file:s0:c190,c256,c512,c768 tclass=file app=com.entalpiya.app
2024-09-13 11:26:43.495  2652-2652  m.entalpiya.app         com.entalpiya.app                    W  DexFile /data/data/com.entalpiya.app/code_cache/.studio/instruments-bd0f66b3.jar is in boot class path but is not in a known location
2024-09-13 11:26:43.502  2652-2652  ziparchive              com.entalpiya.app                    W  Unable to open '/data/data/com.entalpiya.app/code_cache/.studio/live_edit.dm': No such file or directory
2024-09-13 11:26:43.573  2652-2652  m.entalpiya.app         com.entalpiya.app                    W  Dex file created by class-definition time transformation of Lcom/entalpiya/app/core/utils/MarkdownKatexView$special$$inlined$observable$2; is not checked for all retransformation invariants.
2024-09-13 11:26:43.574  2652-2652  m.entalpiya.app         com.entalpiya.app                    W  Dex file created by class-definition time transformation of Lcom/entalpiya/app/core/utils/MarkdownKatexView; is not checked for all retransformation invariants.
2024-09-13 11:26:43.580  2652-2652  m.entalpiya.app         com.entalpiya.app                    W  Dex file created by class-definition time transformation of Lcom/entalpiya/app/core/utils/MarkdownKatexView$special$$inlined$observable$3; is not checked for all retransformation invariants.
2024-09-13 11:26:44.014  2652-2789  EGL_emulation           com.entalpiya.app                    D  app_time_stats: avg=6036.50ms min=5.63ms max=125898.94ms count=21
2024-09-13 11:26:44.036  2652-2652  chromium                com.entalpiya.app                    I  [INFO:CONSOLE(19)] "Uncaught SyntaxError: Invalid or unexpected token", source: file:///android_asset (19)
2024-09-13 11:26:45.961  2652-2652  nativeloader            com.entalpiya.app                    D  Load /data/data/com.entalpiya.app/code_cache/startup_agents/8e9a2d18-agent.so using ns clns-6 from class loader (caller=<unknown>): ok
2024-09-13 11:26:47.984  2652-2652  nativeloader            com.entalpiya.app                    D  Load /data/data/com.entalpiya.app/code_cache/startup_agents/8e9a2d18-agent.so using ns clns-6 from class loader (caller=<unknown>): ok
2024-09-13 11:26:50.014  2652-2652  nativeloader            com.entalpiya.app                    D  Load /data/data/com.entalpiya.app/code_cache/startup_agents/8e9a2d18-agent.so using ns clns-6 from class loader (caller=<unknown>): ok
2024-09-13 11:26:52.036  2652-2652  nativeloader            com.entalpiya.app                    D  Load /data/data/com.entalpiya.app/code_cache/startup_agents/8e9a2d18-agent.so using ns clns-6 from class loader (caller=<unknown>): ok
2024-09-13 11:26:54.056  2652-2652  nativeloader            com.entalpiya.app                    D  Load /data/data/com.entalpiya.app/code_cache/startup_agents/8e9a2d18-agent.so using ns clns-6 from class loader (caller=<unknown>): ok
2024-09-13 12:34:10.536  6733-6733  m.entalpiya.app         com.entalpiya.app                    I  Late-enabling -Xcheck:jni
2024-09-13 12:34:10.579  6733-6733  m.entalpiya.app         com.entalpiya.app                    I  Using CollectorTypeCMC GC.
2024-09-13 12:34:10.579  6733-6733  m.entalpiya.app         com.entalpiya.app                    W  Unexpected CPU variant for x86: x86_64.
                                                                                                    Known variants: atom, sandybridge, silvermont, goldmont, goldmont-plus, goldmont-without-sha-xsaves, tremont, kabylake, default
2024-09-13 12:34:10.657  6733-6733  nativeloader            com.entalpiya.app                    D  Load libframework-connectivity-tiramisu-jni.so using APEX ns com_android_tethering for caller /apex/com.android.tethering/javalib/framework-connectivity-t.jar: ok
2024-09-13 12:34:10.836  6733-6733  Compatibil...geReporter com.entalpiya.app                    D  Compat change id reported: 171979766; UID 10190; state: ENABLED
2024-09-13 12:34:10.837  6733-6733  Compatibil...geReporter com.entalpiya.app                    D  Compat change id reported: 242716250; UID 10190; state: DISABLED
2024-09-13 12:34:10.929  6733-6733  ziparchive              com.entalpiya.app                    W  Unable to open '/data/app/~~oIIFOFHNDLqLFsANkskWwg==/com.entalpiya.app-71KtBG_FlWHKbkSZEPim2g==/base.dm': No such file or directory
2024-09-13 12:34:10.929  6733-6733  ziparchive              com.entalpiya.app                    W  Unable to open '/data/app/~~oIIFOFHNDLqLFsANkskWwg==/com.entalpiya.app-71KtBG_FlWHKbkSZEPim2g==/base.dm': No such file or directory
2024-09-13 12:34:11.071  6733-6733  nativeloader            com.entalpiya.app                    D  Configuring clns-6 for other apk /data/app/~~oIIFOFHNDLqLFsANkskWwg==/com.entalpiya.app-71KtBG_FlWHKbkSZEPim2g==/base.apk. target_sdk_version=33, uses_libraries=, library_path=/data/app/~~oIIFOFHNDLqLFsANkskWwg==/com.entalpiya.app-71KtBG_FlWHKbkSZEPim2g==/lib/x86_64, permitted_path=/data:/mnt/expand:/data/user/0/com.entalpiya.app
2024-09-13 12:34:11.085  6733-6733  nativeloader            com.entalpiya.app                    D  Load libframework-connectivity-jni.so using APEX ns com_android_tethering for caller /apex/com.android.tethering/javalib/framework-connectivity.jar: ok
2024-09-13 12:34:11.104  6733-6733  GraphicsEnvironment     com.entalpiya.app                    V  Currently set values for:
2024-09-13 12:34:11.104  6733-6733  GraphicsEnvironment     com.entalpiya.app                    V    angle_gl_driver_selection_pkgs=[]
2024-09-13 12:34:11.104  6733-6733  GraphicsEnvironment     com.entalpiya.app                    V    angle_gl_driver_selection_values=[]
2024-09-13 12:34:11.104  6733-6733  GraphicsEnvironment     com.entalpiya.app                    V  ANGLE GameManagerService for com.entalpiya.app: false
2024-09-13 12:34:11.105  6733-6733  GraphicsEnvironment     com.entalpiya.app                    V  com.entalpiya.app is not listed in per-application setting
2024-09-13 12:34:11.105  6733-6733  GraphicsEnvironment     com.entalpiya.app                    V  Neither updatable production driver nor prerelease driver is supported.
2024-09-13 12:34:11.412  6733-6768  libEGL                  com.entalpiya.app                    D  loaded /vendor/lib64/egl/libEGL_emulation.so
2024-09-13 12:34:11.426  6733-6768  libEGL                  com.entalpiya.app                    D  loaded /vendor/lib64/egl/libGLESv1_CM_emulation.so
2024-09-13 12:34:11.435  6733-6768  libEGL                  com.entalpiya.app                    D  loaded /vendor/lib64/egl/libGLESv2_emulation.so
2024-09-13 12:34:11.814  6733-6733  Compatibil...geReporter com.entalpiya.app                    D  Compat change id reported: 237531167; UID 10190; state: DISABLED
2024-09-13 12:34:11.837  6733-6733  OpenGLRenderer          com.entalpiya.app                    W  Unknown dataspace 0
2024-09-13 12:34:11.854  6733-6733  Choreographer           com.entalpiya.app                    I  Skipped 33 frames!  The application may be doing too much work on its main thread.
2024-09-13 12:34:12.485  6733-6733  m.entalpiya.app         com.entalpiya.app                    W  Method java.lang.Object androidx.compose.runtime.snapshots.SnapshotStateMap.mutate(kotlin.jvm.functions.Function1) failed lock verification and will run slower.
                                                                                                    Common causes for lock verification issues are non-optimized dex code
                                                                                                    and incorrect proguard optimizations.
2024-09-13 12:34:12.485  6733-6733  m.entalpiya.app         com.entalpiya.app                    W  Method void androidx.compose.runtime.snapshots.SnapshotStateMap.update(kotlin.jvm.functions.Function1) failed lock verification and will run slower.
2024-09-13 12:34:12.487  6733-6733  m.entalpiya.app         com.entalpiya.app                    W  Method boolean androidx.compose.runtime.snapshots.SnapshotStateMap.removeIf$runtime_release(kotlin.jvm.functions.Function1) failed lock verification and will run slower.
2024-09-13 12:34:12.642  6733-6746  m.entalpiya.app         com.entalpiya.app                    I  Compiler allocated 4478KB to compile void android.view.ViewRootImpl.performTraversals()
2024-09-13 12:34:12.800  6733-6733  ziparchive              com.entalpiya.app                    W  Unable to open '/data/app/~~USrxb2BpJrckChBoGxXhVQ==/com.google.android.trichromelibrary_653310338-IQoGbH1Bx6FuG4EgCAed9w==/base.dm': No such file or directory
2024-09-13 12:34:12.800  6733-6733  ziparchive              com.entalpiya.app                    W  Unable to open '/data/app/~~USrxb2BpJrckChBoGxXhVQ==/com.google.android.trichromelibrary_653310338-IQoGbH1Bx6FuG4EgCAed9w==/base.dm': No such file or directory
2024-09-13 12:34:12.802  6733-6733  m.entalpiya.app         com.entalpiya.app                    W  Entry not found
2024-09-13 12:34:12.809  6733-6733  nativeloader            com.entalpiya.app                    D  Configuring clns-7 for other apk /data/app/~~USrxb2BpJrckChBoGxXhVQ==/com.google.android.trichromelibrary_653310338-IQoGbH1Bx6FuG4EgCAed9w==/base.apk. target_sdk_version=35, uses_libraries=ALL, library_path=/data/app/~~Sxozd8P1p67BjdRKYXnI2A==/com.google.android.webview-5g6Cun7sF9LyY-DonupzNQ==/lib/x86_64:/data/app/~~Sxozd8P1p67BjdRKYXnI2A==/com.google.android.webview-5g6Cun7sF9LyY-DonupzNQ==/base.apk!/lib/x86_64:/data/app/~~USrxb2BpJrckChBoGxXhVQ==/com.google.android.trichromelibrary_653310338-IQoGbH1Bx6FuG4EgCAed9w==/base.apk!/lib/x86_64, permitted_path=/data:/mnt/expand
2024-09-13 12:34:12.813  6733-6733  ApplicationLoaders      com.entalpiya.app                    D  Returning zygote-cached class loader: /system_ext/framework/androidx.window.extensions.jar
2024-09-13 12:34:12.825  6733-6733  nativeloader            com.entalpiya.app                    D  Configuring clns-8 for other apk /data/app/~~Sxozd8P1p67BjdRKYXnI2A==/com.google.android.webview-5g6Cun7sF9LyY-DonupzNQ==/base.apk. target_sdk_version=35, uses_libraries=, library_path=/data/app/~~Sxozd8P1p67BjdRKYXnI2A==/com.google.android.webview-5g6Cun7sF9LyY-DonupzNQ==/lib/x86_64:/data/app/~~Sxozd8P1p67BjdRKYXnI2A==/com.google.android.webview-5g6Cun7sF9LyY-DonupzNQ==/base.apk!/lib/x86_64:/data/app/~~USrxb2BpJrckChBoGxXhVQ==/com.google.android.trichromelibrary_653310338-IQoGbH1Bx6FuG4EgCAed9w==/base.apk!/lib/x86_64, permitted_path=/data:/mnt/expand
2024-09-13 12:34:12.829  6733-6733  WebViewFactory          com.entalpiya.app                    I  Loading com.google.android.webview version 127.0.6533.103 (code 653310338)
2024-09-13 12:34:12.940  6733-6733  cr_WVCFactoryProvider   com.entalpiya.app                    I  version=127.0.6533.103 (653310338) minSdkVersion=29 isBundle=true multiprocess=true packageId=2
2024-09-13 12:34:12.991  6733-6733  nativeloader            com.entalpiya.app                    D  Load /data/app/~~USrxb2BpJrckChBoGxXhVQ==/com.google.android.trichromelibrary_653310338-IQoGbH1Bx6FuG4EgCAed9w==/base.apk!/lib/x86_64/libmonochrome_64.so using ns clns-8 from class loader (caller=/data/app/~~Sxozd8P1p67BjdRKYXnI2A==/com.google.android.webview-5g6Cun7sF9LyY-DonupzNQ==/base.apk): ok
2024-09-13 12:34:13.020  6733-6733  nativeloader            com.entalpiya.app                    D  Load /system/lib64/libwebviewchromium_plat_support.so using ns clns-8 from class loader (caller=/data/app/~~Sxozd8P1p67BjdRKYXnI2A==/com.google.android.webview-5g6Cun7sF9LyY-DonupzNQ==/base.apk): ok
2024-09-13 12:34:13.121  6733-6733  cr_LibraryLoader        com.entalpiya.app                    I  Successfully loaded native library
2024-09-13 12:34:13.127  6733-6779  chromium                com.entalpiya.app                    E  [0913/043413.070224:ERROR:variations_seed_loader.cc(39)] Seed missing signature.
2024-09-13 12:34:13.127  6733-6733  cr_CachingUmaRecorder   com.entalpiya.app                    I  Flushed 6 samples from 6 histograms, 0 samples were dropped.
2024-09-13 12:34:13.133  6733-6779  chromium                com.entalpiya.app                    I  [INFO:variations_seed_loader.cc(68)] Failed to open file for reading.: No such file or directory (2)
2024-09-13 12:34:13.162  6733-6733  cr_CombinedPProvider    com.entalpiya.app                    I  #registerProvider() provider:WV.V7@3178065 isPolicyCacheEnabled:false policyProvidersSize:0
2024-09-13 12:34:13.164  6733-6733  cr_PolicyProvider       com.entalpiya.app                    I  #setManagerAndSource() 0
2024-09-13 12:34:13.328  6733-6733  cr_CombinedPProvider    com.entalpiya.app                    I  #linkNativeInternal() 1
2024-09-13 12:34:13.328  6733-6733  Compatibil...geReporter com.entalpiya.app                    D  Compat change id reported: 183155436; UID 10190; state: ENABLED
2024-09-13 12:34:13.334  6733-6733  cr_AppResProvider       com.entalpiya.app                    I  #getApplicationRestrictionsFromUserManager() Bundle[EMPTY_PARCEL]
2024-09-13 12:34:13.334  6733-6733  cr_PolicyProvider       com.entalpiya.app                    I  #notifySettingsAvailable() 0
2024-09-13 12:34:13.334  6733-6733  cr_CombinedPProvider    com.entalpiya.app                    I  #onSettingsAvailable() 0
2024-09-13 12:34:13.334  6733-6733  cr_CombinedPProvider    com.entalpiya.app                    I  #flushPolicies()
2024-09-13 12:34:13.666  6733-6733  Compatibil...geReporter com.entalpiya.app                    D  Compat change id reported: 214741472; UID 10190; state: ENABLED
2024-09-13 12:34:13.682  6733-6733  Compatibil...geReporter com.entalpiya.app                    D  Compat change id reported: 171228096; UID 10190; state: ENABLED
2024-09-13 12:34:13.963  6733-6832  TrafficStats            com.entalpiya.app                    D  tagSocket(156) with statsTag=0xffffffff, statsUid=-1
2024-09-13 12:34:14.043  6733-6815  cr_media                com.entalpiya.app                    W  BLUETOOTH_CONNECT permission is missing.
2024-09-13 12:34:14.049  6733-6815  cr_media                com.entalpiya.app                    W  getBluetoothAdapter() requires BLUETOOTH permission
2024-09-13 12:34:14.049  6733-6815  cr_media                com.entalpiya.app                    W  registerBluetoothIntentsIfNeeded: Requires BLUETOOTH permission
2024-09-13 12:34:14.196  6733-6733  Compatibil...geReporter com.entalpiya.app                    D  Compat change id reported: 193247900; UID 10190; state: ENABLED
2024-09-13 12:34:14.559  6733-6766  OpenGLRenderer          com.entalpiya.app                    W  Failed to choose config with EGL_SWAP_BEHAVIOR_PRESERVED, retrying without...
2024-09-13 12:34:14.560  6733-6766  OpenGLRenderer          com.entalpiya.app                    W  Failed to initialize 101010-2 format, error = EGL_SUCCESS
2024-09-13 12:34:14.712  6733-6766  Gralloc4                com.entalpiya.app                    I  mapper 4.x is not supported
2024-09-13 12:34:14.767  6733-6766  OpenGLRenderer          com.entalpiya.app                    E  Unable to match the desired swap behavior.
2024-09-13 12:34:14.903  6733-6752  OpenGLRenderer          com.entalpiya.app                    I  Davey! duration=3600ms; Flags=1, FrameTimelineVsyncId=18391, IntendedVsync=4254341967910, Vsync=4254891967888, InputEventId=0, HandleInputStart=4254910687400, AnimationStart=4254910729600, PerformTraversalsStart=4254911072800, DrawStart=4257850229000, FrameDeadline=4254358634576, FrameInterval=4254904287700, FrameStartTime=16666666, SyncQueued=4257881579900, SyncStart=4257882484200, IssueDrawCommandsStart=4257883120300, SwapBuffers=4257932093500, FrameCompleted=4257942957100, DequeueBufferDuration=34900, QueueBufferDuration=337600, GpuCompleted=4257942957100, SwapBuffersCompleted=4257933565300, DisplayPresentTime=0, CommandSubmissionCompleted=4257932093500,
2024-09-13 12:34:15.230  6733-6808  Compatibil...geReporter com.entalpiya.app                    D  Compat change id reported: 247079863; UID 10190; state: DISABLED
2024-09-13 12:34:15.231  6733-6809  Compatibil...geReporter com.entalpiya.app                    D  Compat change id reported: 247079863; UID 10190; state: DISABLED
2024-09-13 12:34:15.238  6733-6811  Compatibil...geReporter com.entalpiya.app                    D  Compat change id reported: 247079863; UID 10190; state: DISABLED
2024-09-13 12:34:15.274  6733-6733  Choreographer           com.entalpiya.app                    I  Skipped 183 frames!  The application may be doing too much work on its main thread.
2024-09-13 12:34:15.432  6733-6752  OpenGLRenderer          com.entalpiya.app                    I  Davey! duration=3218ms; Flags=0, FrameTimelineVsyncId=18875, IntendedVsync=4255258634540, Vsync=4258308634418, InputEventId=0, HandleInputStart=4258337515600, AnimationStart=4258337541200, PerformTraversalsStart=4258470616000, DrawStart=4258471935600, FrameDeadline=4257975301098, FrameInterval=4258320575500, FrameStartTime=16666666, SyncQueued=4258472554000, SyncStart=4258472735400, IssueDrawCommandsStart=4258473210200, SwapBuffers=4258475005600, FrameCompleted=4258477138900, DequeueBufferDuration=52400, QueueBufferDuration=335400, GpuCompleted=4258477138900, SwapBuffersCompleted=4258476920900, DisplayPresentTime=0, CommandSubmissionCompleted=4258475005600,
2024-09-13 12:34:16.200  6733-6733  chromium                com.entalpiya.app                    I  [INFO:CONSOLE(40)] "Error rendering content: ReferenceError: marked is not defined", source: about:blank (40)
2024-09-13 12:34:16.889  6733-6867  ProfileInstaller        com.entalpiya.app                    D  Installing profile for com.entalpiya.app
