2024-09-13 13:40:53.450  9167-9167  ziparchive              com.entalpiya.app                    W  Unable to open '/data/app/~~t28uhWBUgniOJr8HFyOf1Q==/com.entalpiya.app-VIG6oa6l3JAOlPvCRq3U0w==/base.dm': No such file or directory
2024-09-13 13:40:53.450  9167-9167  ziparchive              com.entalpiya.app                    W  Unable to open '/data/app/~~t28uhWBUgniOJr8HFyOf1Q==/com.entalpiya.app-VIG6oa6l3JAOlPvCRq3U0w==/base.dm': No such file or directory
2024-09-13 13:40:53.642  9167-9167  nativeloader            com.entalpiya.app                    D  Configuring clns-6 for other apk /data/app/~~t28uhWBUgniOJr8HFyOf1Q==/com.entalpiya.app-VIG6oa6l3JAOlPvCRq3U0w==/base.apk. target_sdk_version=33, uses_libraries=, library_path=/data/app/~~t28uhWBUgniOJr8HFyOf1Q==/com.entalpiya.app-VIG6oa6l3JAOlPvCRq3U0w==/lib/x86_64, permitted_path=/data:/mnt/expand:/data/user/0/com.entalpiya.app
2024-09-13 13:40:53.688  9167-9167  nativeloader            com.entalpiya.app                    D  Load libframework-connectivity-jni.so using APEX ns com_android_tethering for caller /apex/com.android.tethering/javalib/framework-connectivity.jar: ok
2024-09-13 13:40:53.726  9167-9167  GraphicsEnvironment     com.entalpiya.app                    V  Currently set values for:
2024-09-13 13:40:53.726  9167-9167  GraphicsEnvironment     com.entalpiya.app                    V    angle_gl_driver_selection_pkgs=[]
2024-09-13 13:40:53.726  9167-9167  GraphicsEnvironment     com.entalpiya.app                    V    angle_gl_driver_selection_values=[]
2024-09-13 13:40:53.732  9167-9167  GraphicsEnvironment     com.entalpiya.app                    V  ANGLE GameManagerService for com.entalpiya.app: false
2024-09-13 13:40:53.732  9167-9167  GraphicsEnvironment     com.entalpiya.app                    V  com.entalpiya.app is not listed in per-application setting
2024-09-13 13:40:53.733  9167-9167  GraphicsEnvironment     com.entalpiya.app                    V  Neither updatable production driver nor prerelease driver is supported.
2024-09-13 13:40:53.992  9167-9185  libEGL                  com.entalpiya.app                    D  loaded /vendor/lib64/egl/libEGL_emulation.so
2024-09-13 13:40:54.022  9167-9185  libEGL                  com.entalpiya.app                    D  loaded /vendor/lib64/egl/libGLESv1_CM_emulation.so
2024-09-13 13:40:54.032  9167-9185  libEGL                  com.entalpiya.app                    D  loaded /vendor/lib64/egl/libGLESv2_emulation.so
2024-09-13 13:40:54.177  9167-9167  Compatibil...geReporter com.entalpiya.app                    D  Compat change id reported: 237531167; UID 10190; state: DISABLED
2024-09-13 13:40:54.192  9167-9167  OpenGLRenderer          com.entalpiya.app                    W  Unknown dataspace 0
2024-09-13 13:40:54.500  9167-9172  m.entalpiya.app         com.entalpiya.app                    I  Compiler allocated 4478KB to compile void android.view.ViewRootImpl.performTraversals()
2024-09-13 13:40:54.689  9167-9167  m.entalpiya.app         com.entalpiya.app                    W  Method java.lang.Object androidx.compose.runtime.snapshots.SnapshotStateMap.mutate(kotlin.jvm.functions.Function1) failed lock verification and will run slower.
                                                                                                    Common causes for lock verification issues are non-optimized dex code
                                                                                                    and incorrect proguard optimizations.
2024-09-13 13:40:54.689  9167-9167  m.entalpiya.app         com.entalpiya.app                    W  Method void androidx.compose.runtime.snapshots.SnapshotStateMap.update(kotlin.jvm.functions.Function1) failed lock verification and will run slower.
2024-09-13 13:40:54.691  9167-9167  m.entalpiya.app         com.entalpiya.app                    W  Method boolean androidx.compose.runtime.snapshots.SnapshotStateMap.removeIf$runtime_release(kotlin.jvm.functions.Function1) failed lock verification and will run slower.
2024-09-13 13:40:55.012  9167-9167  ziparchive              com.entalpiya.app                    W  Unable to open '/data/app/~~USrxb2BpJrckChBoGxXhVQ==/com.google.android.trichromelibrary_653310338-IQoGbH1Bx6FuG4EgCAed9w==/base.dm': No such file or directory
2024-09-13 13:40:55.012  9167-9167  ziparchive              com.entalpiya.app                    W  Unable to open '/data/app/~~USrxb2BpJrckChBoGxXhVQ==/com.google.android.trichromelibrary_653310338-IQoGbH1Bx6FuG4EgCAed9w==/base.dm': No such file or directory
2024-09-13 13:40:55.017  9167-9167  m.entalpiya.app         com.entalpiya.app                    W  Entry not found
2024-09-13 13:40:55.031  9167-9167  nativeloader            com.entalpiya.app                    D  Configuring clns-7 for other apk /data/app/~~USrxb2BpJrckChBoGxXhVQ==/com.google.android.trichromelibrary_653310338-IQoGbH1Bx6FuG4EgCAed9w==/base.apk. target_sdk_version=35, uses_libraries=ALL, library_path=/data/app/~~Sxozd8P1p67BjdRKYXnI2A==/com.google.android.webview-5g6Cun7sF9LyY-DonupzNQ==/lib/x86_64:/data/app/~~Sxozd8P1p67BjdRKYXnI2A==/com.google.android.webview-5g6Cun7sF9LyY-DonupzNQ==/base.apk!/lib/x86_64:/data/app/~~USrxb2BpJrckChBoGxXhVQ==/com.google.android.trichromelibrary_653310338-IQoGbH1Bx6FuG4EgCAed9w==/base.apk!/lib/x86_64, permitted_path=/data:/mnt/expand
2024-09-13 13:40:55.037  9167-9167  ApplicationLoaders      com.entalpiya.app                    D  Returning zygote-cached class loader: /system_ext/framework/androidx.window.extensions.jar
2024-09-13 13:40:55.049  9167-9167  nativeloader            com.entalpiya.app                    D  Configuring clns-8 for other apk /data/app/~~Sxozd8P1p67BjdRKYXnI2A==/com.google.android.webview-5g6Cun7sF9LyY-DonupzNQ==/base.apk. target_sdk_version=35, uses_libraries=, library_path=/data/app/~~Sxozd8P1p67BjdRKYXnI2A==/com.google.android.webview-5g6Cun7sF9LyY-DonupzNQ==/lib/x86_64:/data/app/~~Sxozd8P1p67BjdRKYXnI2A==/com.google.android.webview-5g6Cun7sF9LyY-DonupzNQ==/base.apk!/lib/x86_64:/data/app/~~USrxb2BpJrckChBoGxXhVQ==/com.google.android.trichromelibrary_653310338-IQoGbH1Bx6FuG4EgCAed9w==/base.apk!/lib/x86_64, permitted_path=/data:/mnt/expand
2024-09-13 13:40:55.059  9167-9167  WebViewFactory          com.entalpiya.app                    I  Loading com.google.android.webview version 127.0.6533.103 (code 653310338)
2024-09-13 13:40:55.186  9167-9167  cr_WVCFactoryProvider   com.entalpiya.app                    I  version=127.0.6533.103 (653310338) minSdkVersion=29 isBundle=true multiprocess=true packageId=2
2024-09-13 13:40:55.234  9167-9167  nativeloader            com.entalpiya.app                    D  Load /data/app/~~USrxb2BpJrckChBoGxXhVQ==/com.google.android.trichromelibrary_653310338-IQoGbH1Bx6FuG4EgCAed9w==/base.apk!/lib/x86_64/libmonochrome_64.so using ns clns-8 from class loader (caller=/data/app/~~Sxozd8P1p67BjdRKYXnI2A==/com.google.android.webview-5g6Cun7sF9LyY-DonupzNQ==/base.apk): ok
2024-09-13 13:40:55.258  9167-9167  nativeloader            com.entalpiya.app                    D  Load /system/lib64/libwebviewchromium_plat_support.so using ns clns-8 from class loader (caller=/data/app/~~Sxozd8P1p67BjdRKYXnI2A==/com.google.android.webview-5g6Cun7sF9LyY-DonupzNQ==/base.apk): ok
2024-09-13 13:40:55.288  9167-9189  chromium                com.entalpiya.app                    E  [0913/054055.273141:ERROR:variations_seed_loader.cc(39)] Seed missing signature.
2024-09-13 13:40:55.297  9167-9189  chromium                com.entalpiya.app                    I  [0913/054055.295356:INFO:variations_seed_loader.cc(68)] Failed to open file for reading.: No such file or directory (2)
2024-09-13 13:40:55.336  9167-9167  cr_LibraryLoader        com.entalpiya.app                    I  Successfully loaded native library
2024-09-13 13:40:55.342  9167-9167  cr_CachingUmaRecorder   com.entalpiya.app                    I  Flushed 6 samples from 6 histograms, 0 samples were dropped.
2024-09-13 13:40:55.358  9167-9167  cr_CombinedPProvider    com.entalpiya.app                    I  #registerProvider() provider:WV.V7@5a681eb isPolicyCacheEnabled:false policyProvidersSize:0
2024-09-13 13:40:55.365  9167-9167  cr_PolicyProvider       com.entalpiya.app                    I  #setManagerAndSource() 0
2024-09-13 13:40:55.495  9167-9167  cr_CombinedPProvider    com.entalpiya.app                    I  #linkNativeInternal() 1
2024-09-13 13:40:55.497  9167-9167  Compatibil...geReporter com.entalpiya.app                    D  Compat change id reported: 183155436; UID 10190; state: ENABLED
2024-09-13 13:40:55.505  9167-9167  cr_AppResProvider       com.entalpiya.app                    I  #getApplicationRestrictionsFromUserManager() Bundle[EMPTY_PARCEL]
2024-09-13 13:40:55.505  9167-9167  cr_PolicyProvider       com.entalpiya.app                    I  #notifySettingsAvailable() 0
2024-09-13 13:40:55.506  9167-9167  cr_CombinedPProvider    com.entalpiya.app                    I  #onSettingsAvailable() 0
2024-09-13 13:40:55.507  9167-9167  cr_CombinedPProvider    com.entalpiya.app                    I  #flushPolicies()
2024-09-13 13:40:55.832  9167-9167  Compatibil...geReporter com.entalpiya.app                    D  Compat change id reported: 214741472; UID 10190; state: ENABLED
2024-09-13 13:40:55.845  9167-9167  Compatibil...geReporter com.entalpiya.app                    D  Compat change id reported: 171228096; UID 10190; state: ENABLED
2024-09-13 13:40:55.988  9167-9211  cr_media                com.entalpiya.app                    W  BLUETOOTH_CONNECT permission is missing.
2024-09-13 13:40:55.993  9167-9211  cr_media                com.entalpiya.app                    W  getBluetoothAdapter() requires BLUETOOTH permission
2024-09-13 13:40:55.996  9167-9211  cr_media                com.entalpiya.app                    W  registerBluetoothIntentsIfNeeded: Requires BLUETOOTH permission
2024-09-13 13:40:56.076  9167-9167  Compatibil...geReporter com.entalpiya.app                    D  Compat change id reported: 193247900; UID 10190; state: ENABLED
2024-09-13 13:40:56.223  9167-9183  OpenGLRenderer          com.entalpiya.app                    W  Failed to choose config with EGL_SWAP_BEHAVIOR_PRESERVED, retrying without...
2024-09-13 13:40:56.223  9167-9183  OpenGLRenderer          com.entalpiya.app                    W  Failed to initialize 101010-2 format, error = EGL_SUCCESS
2024-09-13 13:40:56.383  9167-9183  Gralloc4                com.entalpiya.app                    I  mapper 4.x is not supported
2024-09-13 13:40:56.432  9167-9183  OpenGLRenderer          com.entalpiya.app                    E  Unable to match the desired swap behavior.
2024-09-13 13:40:56.550  9167-9180  OpenGLRenderer          com.entalpiya.app                    I  Davey! duration=2700ms; Flags=1, FrameTimelineVsyncId=41659, IntendedVsync=8256858474476, Vsync=8257258474460, InputEventId=0, HandleInputStart=8257264485400, AnimationStart=8257264515800, PerformTraversalsStart=8257265402800, DrawStart=8259483226200, FrameDeadline=8256875141142, FrameInterval=8257264264000, FrameStartTime=16666666, SyncQueued=8259496949500, SyncStart=8259531948700, IssueDrawCommandsStart=8259532669600, SwapBuffers=8259579242200, FrameCompleted=8259593577500, DequeueBufferDuration=31100, QueueBufferDuration=212300, GpuCompleted=8259593577500, SwapBuffersCompleted=8259580294400, DisplayPresentTime=0, CommandSubmissionCompleted=8259579242200,
2024-09-13 13:40:56.620  9167-9205  Compatibil...geReporter com.entalpiya.app                    D  Compat change id reported: 247079863; UID 10190; state: DISABLED
2024-09-13 13:40:56.717  9167-9167  Choreographer           com.entalpiya.app                    I  Skipped 138 frames!  The application may be doing too much work on its main thread.
2024-09-13 13:40:56.769  9167-9180  OpenGLRenderer          com.entalpiya.app                    I  Davey! duration=2337ms; Flags=0, FrameTimelineVsyncId=41960, IntendedVsync=8257458474452, Vsync=8259758474360, InputEventId=0, HandleInputStart=8259769508400, AnimationStart=8259769531000, PerformTraversalsStart=8259785059000, DrawStart=8259785296400, FrameDeadline=8259625141032, FrameInterval=8259766964900, FrameStartTime=16666666, SyncQueued=8259786007000, SyncStart=8259786211800, IssueDrawCommandsStart=8259786323800, SwapBuffers=8259787182500, FrameCompleted=8259795819000, DequeueBufferDuration=24400, QueueBufferDuration=327200, GpuCompleted=8259795819000, SwapBuffersCompleted=8259792778600, DisplayPresentTime=0, CommandSubmissionCompleted=8259787182500,
2024-09-13 13:40:56.923  9167-9167  chromium                com.entalpiya.app                    I  [INFO:CONSOLE(19)] "Uncaught SyntaxError: Invalid or unexpected token", source: file:///android_asset (19)
2024-09-13 13:40:59.953  9167-9247  ProfileInstaller        com.entalpiya.app                    D  Installing profile for com.entalpiya.app
