2024-09-13 11:26:43.486  2652-2652  nativeloader            com.entalpiya.app                    D  Load /data/data/com.entalpiya.app/code_cache/startup_agents/8e9a2d18-agent.so using ns clns-6 from class loader (caller=<unknown>): ok
2024-09-13 11:26:43.482  2652-2652  m.entalpiya.app         com.entalpiya.app                    W  type=1400 audit(0.0:146): avc:  granted  { execute } for  path="/data/data/com.entalpiya.app/code_cache/startup_agents/8e9a2d18-agent.so" dev="dm-40" ino=368923 scontext=u:r:untrusted_app_32:s0:c190,c256,c512,c768 tcontext=u:object_r:app_data_file:s0:c190,c256,c512,c768 tclass=file app=com.entalpiya.app
2024-09-13 11:26:43.495  2652-2652  m.entalpiya.app         com.entalpiya.app                    W  DexFile /data/data/com.entalpiya.app/code_cache/.studio/instruments-bd0f66b3.jar is in boot class path but is not in a known location
2024-09-13 11:26:43.502  2652-2652  ziparchive              com.entalpiya.app                    W  Unable to open '/data/data/com.entalpiya.app/code_cache/.studio/live_edit.dm': No such file or directory
2024-09-13 11:26:43.573  2652-2652  m.entalpiya.app         com.entalpiya.app                    W  Dex file created by class-definition time transformation of Lcom/entalpiya/app/core/utils/MarkdownKatexView$special$$inlined$observable$2; is not checked for all retransformation invariants.
2024-09-13 11:26:43.574  2652-2652  m.entalpiya.app         com.entalpiya.app                    W  Dex file created by class-definition time transformation of Lcom/entalpiya/app/core/utils/MarkdownKatexView; is not checked for all retransformation invariants.
2024-09-13 11:26:43.580  2652-2652  m.entalpiya.app         com.entalpiya.app                    W  Dex file created by class-definition time transformation of Lcom/entalpiya/app/core/utils/MarkdownKatexView$special$$inlined$observable$3; is not checked for all retransformation invariants.
2024-09-13 11:26:44.014  2652-2789  EGL_emulation           com.entalpiya.app                    D  app_time_stats: avg=6036.50ms min=5.63ms max=125898.94ms count=21
2024-09-13 11:26:44.036  2652-2652  chromium                com.entalpiya.app                    I  [INFO:CONSOLE(19)] "Uncaught SyntaxError: Invalid or unexpected token", source: file:///android_asset (19)
2024-09-13 11:26:45.961  2652-2652  nativeloader            com.entalpiya.app                    D  Load /data/data/com.entalpiya.app/code_cache/startup_agents/8e9a2d18-agent.so using ns clns-6 from class loader (caller=<unknown>): ok
2024-09-13 11:26:47.984  2652-2652  nativeloader            com.entalpiya.app                    D  Load /data/data/com.entalpiya.app/code_cache/startup_agents/8e9a2d18-agent.so using ns clns-6 from class loader (caller=<unknown>): ok
2024-09-13 11:26:50.014  2652-2652  nativeloader            com.entalpiya.app                    D  Load /data/data/com.entalpiya.app/code_cache/startup_agents/8e9a2d18-agent.so using ns clns-6 from class loader (caller=<unknown>): ok
2024-09-13 11:26:52.036  2652-2652  nativeloader            com.entalpiya.app                    D  Load /data/data/com.entalpiya.app/code_cache/startup_agents/8e9a2d18-agent.so using ns clns-6 from class loader (caller=<unknown>): ok
2024-09-13 11:26:54.056  2652-2652  nativeloader            com.entalpiya.app                    D  Load /data/data/com.entalpiya.app/code_cache/startup_agents/8e9a2d18-agent.so using ns clns-6 from class loader (caller=<unknown>): ok
2024-09-13 12:34:10.536  6733-6733  m.entalpiya.app         com.entalpiya.app                    I  Late-enabling -Xcheck:jni
2024-09-13 12:34:10.579  6733-6733  m.entalpiya.app         com.entalpiya.app                    I  Using CollectorTypeCMC GC.
2024-09-13 12:34:10.579  6733-6733  m.entalpiya.app         com.entalpiya.app                    W  Unexpected CPU variant for x86: x86_64.
                                                                                                    Known variants: atom, sandybridge, silvermont, goldmont, goldmont-plus, goldmont-without-sha-xsaves, tremont, kabylake, default
2024-09-13 12:34:10.657  6733-6733  nativeloader            com.entalpiya.app                    D  Load libframework-connectivity-tiramisu-jni.so using APEX ns com_android_tethering for caller /apex/com.android.tethering/javalib/framework-connectivity-t.jar: ok
2024-09-13 12:34:10.836  6733-6733  Compatibil...geReporter com.entalpiya.app                    D  Compat change id reported: 171979766; UID 10190; state: ENABLED
2024-09-13 12:34:10.837  6733-6733  Compatibil...geReporter com.entalpiya.app                    D  Compat change id reported: 242716250; UID 10190; state: DISABLED
2024-09-13 12:34:10.929  6733-6733  ziparchive              com.entalpiya.app                    W  Unable to open '/data/app/~~oIIFOFHNDLqLFsANkskWwg==/com.entalpiya.app-71KtBG_FlWHKbkSZEPim2g==/base.dm': No such file or directory
2024-09-13 12:34:10.929  6733-6733  ziparchive              com.entalpiya.app                    W  Unable to open '/data/app/~~oIIFOFHNDLqLFsANkskWwg==/com.entalpiya.app-71KtBG_FlWHKbkSZEPim2g==/base.dm': No such file or directory
2024-09-13 12:34:11.071  6733-6733  nativeloader            com.entalpiya.app                    D  Configuring clns-6 for other apk /data/app/~~oIIFOFHNDLqLFsANkskWwg==/com.entalpiya.app-71KtBG_FlWHKbkSZEPim2g==/base.apk. target_sdk_version=33, uses_libraries=, library_path=/data/app/~~oIIFOFHNDLqLFsANkskWwg==/com.entalpiya.app-71KtBG_FlWHKbkSZEPim2g==/lib/x86_64, permitted_path=/data:/mnt/expand:/data/user/0/com.entalpiya.app
2024-09-13 12:34:11.085  6733-6733  nativeloader            com.entalpiya.app                    D  Load libframework-connectivity-jni.so using APEX ns com_android_tethering for caller /apex/com.android.tethering/javalib/framework-connectivity.jar: ok
2024-09-13 12:34:11.104  6733-6733  GraphicsEnvironment     com.entalpiya.app                    V  Currently set values for:
2024-09-13 12:34:11.104  6733-6733  GraphicsEnvironment     com.entalpiya.app                    V    angle_gl_driver_selection_pkgs=[]
2024-09-13 12:34:11.104  6733-6733  GraphicsEnvironment     com.entalpiya.app                    V    angle_gl_driver_selection_values=[]
2024-09-13 12:34:11.104  6733-6733  GraphicsEnvironment     com.entalpiya.app                    V  ANGLE GameManagerService for com.entalpiya.app: false
2024-09-13 12:34:11.105  6733-6733  GraphicsEnvironment     com.entalpiya.app                    V  com.entalpiya.app is not listed in per-application setting
2024-09-13 12:34:11.105  6733-6733  GraphicsEnvironment     com.entalpiya.app                    V  Neither updatable production driver nor prerelease driver is supported.
2024-09-13 12:34:11.412  6733-6768  libEGL                  com.entalpiya.app                    D  loaded /vendor/lib64/egl/libEGL_emulation.so
2024-09-13 12:34:11.426  6733-6768  libEGL                  com.entalpiya.app                    D  loaded /vendor/lib64/egl/libGLESv1_CM_emulation.so
2024-09-13 12:34:11.435  6733-6768  libEGL                  com.entalpiya.app                    D  loaded /vendor/lib64/egl/libGLESv2_emulation.so
2024-09-13 12:34:11.814  6733-6733  Compatibil...geReporter com.entalpiya.app                    D  Compat change id reported: 237531167; UID 10190; state: DISABLED
2024-09-13 12:34:11.837  6733-6733  OpenGLRenderer          com.entalpiya.app                    W  Unknown dataspace 0
2024-09-13 12:34:11.854  6733-6733  Choreographer           com.entalpiya.app                    I  Skipped 33 frames!  The application may be doing too much work on its main thread.
2024-09-13 12:34:12.485  6733-6733  m.entalpiya.app         com.entalpiya.app                    W  Method java.lang.Object androidx.compose.runtime.snapshots.SnapshotStateMap.mutate(kotlin.jvm.functions.Function1) failed lock verification and will run slower.
                                                                                                    Common causes for lock verification issues are non-optimized dex code
                                                                                                    and incorrect proguard optimizations.
2024-09-13 12:34:12.485  6733-6733  m.entalpiya.app         com.entalpiya.app                    W  Method void androidx.compose.runtime.snapshots.SnapshotStateMap.update(kotlin.jvm.functions.Function1) failed lock verification and will run slower.
2024-09-13 12:34:12.487  6733-6733  m.entalpiya.app         com.entalpiya.app                    W  Method boolean androidx.compose.runtime.snapshots.SnapshotStateMap.removeIf$runtime_release(kotlin.jvm.functions.Function1) failed lock verification and will run slower.
2024-09-13 12:34:12.642  6733-6746  m.entalpiya.app         com.entalpiya.app                    I  Compiler allocated 4478KB to compile void android.view.ViewRootImpl.performTraversals()
2024-09-13 12:34:12.800  6733-6733  ziparchive              com.entalpiya.app                    W  Unable to open '/data/app/~~USrxb2BpJrckChBoGxXhVQ==/com.google.android.trichromelibrary_653310338-IQoGbH1Bx6FuG4EgCAed9w==/base.dm': No such file or directory
2024-09-13 12:34:12.800  6733-6733  ziparchive              com.entalpiya.app                    W  Unable to open '/data/app/~~USrxb2BpJrckChBoGxXhVQ==/com.google.android.trichromelibrary_653310338-IQoGbH1Bx6FuG4EgCAed9w==/base.dm': No such file or directory
2024-09-13 12:34:12.802  6733-6733  m.entalpiya.app         com.entalpiya.app                    W  Entry not found
2024-09-13 12:34:12.809  6733-6733  nativeloader            com.entalpiya.app                    D  Configuring clns-7 for other apk /data/app/~~USrxb2BpJrckChBoGxXhVQ==/com.google.android.trichromelibrary_653310338-IQoGbH1Bx6FuG4EgCAed9w==/base.apk. target_sdk_version=35, uses_libraries=ALL, library_path=/data/app/~~Sxozd8P1p67BjdRKYXnI2A==/com.google.android.webview-5g6Cun7sF9LyY-DonupzNQ==/lib/x86_64:/data/app/~~Sxozd8P1p67BjdRKYXnI2A==/com.google.android.webview-5g6Cun7sF9LyY-DonupzNQ==/base.apk!/lib/x86_64:/data/app/~~USrxb2BpJrckChBoGxXhVQ==/com.google.android.trichromelibrary_653310338-IQoGbH1Bx6FuG4EgCAed9w==/base.apk!/lib/x86_64, permitted_path=/data:/mnt/expand
2024-09-13 12:34:12.813  6733-6733  ApplicationLoaders      com.entalpiya.app                    D  Returning zygote-cached class loader: /system_ext/framework/androidx.window.extensions.jar
2024-09-13 12:34:12.825  6733-6733  nativeloader            com.entalpiya.app                    D  Configuring clns-8 for other apk /data/app/~~Sxozd8P1p67BjdRKYXnI2A==/com.google.android.webview-5g6Cun7sF9LyY-DonupzNQ==/base.apk. target_sdk_version=35, uses_libraries=, library_path=/data/app/~~Sxozd8P1p67BjdRKYXnI2A==/com.google.android.webview-5g6Cun7sF9LyY-DonupzNQ==/lib/x86_64:/data/app/~~Sxozd8P1p67BjdRKYXnI2A==/com.google.android.webview-5g6Cun7sF9LyY-DonupzNQ==/base.apk!/lib/x86_64:/data/app/~~USrxb2BpJrckChBoGxXhVQ==/com.google.android.trichromelibrary_653310338-IQoGbH1Bx6FuG4EgCAed9w==/base.apk!/lib/x86_64, permitted_path=/data:/mnt/expand
2024-09-13 12:34:12.829  6733-6733  WebViewFactory          com.entalpiya.app                    I  Loading com.google.android.webview version 127.0.6533.103 (code 653310338)
2024-09-13 12:34:12.940  6733-6733  cr_WVCFactoryProvider   com.entalpiya.app                    I  version=127.0.6533.103 (653310338) minSdkVersion=29 isBundle=true multiprocess=true packageId=2
2024-09-13 12:34:12.991  6733-6733  nativeloader            com.entalpiya.app                    D  Load /data/app/~~USrxb2BpJrckChBoGxXhVQ==/com.google.android.trichromelibrary_653310338-IQoGbH1Bx6FuG4EgCAed9w==/base.apk!/lib/x86_64/libmonochrome_64.so using ns clns-8 from class loader (caller=/data/app/~~Sxozd8P1p67BjdRKYXnI2A==/com.google.android.webview-5g6Cun7sF9LyY-DonupzNQ==/base.apk): ok
2024-09-13 12:34:13.020  6733-6733  nativeloader            com.entalpiya.app                    D  Load /system/lib64/libwebviewchromium_plat_support.so using ns clns-8 from class loader (caller=/data/app/~~Sxozd8P1p67BjdRKYXnI2A==/com.google.android.webview-5g6Cun7sF9LyY-DonupzNQ==/base.apk): ok
2024-09-13 12:34:13.121  6733-6733  cr_LibraryLoader        com.entalpiya.app                    I  Successfully loaded native library
2024-09-13 12:34:13.127  6733-6779  chromium                com.entalpiya.app                    E  [0913/043413.070224:ERROR:variations_seed_loader.cc(39)] Seed missing signature.
2024-09-13 12:34:13.127  6733-6733  cr_CachingUmaRecorder   com.entalpiya.app                    I  Flushed 6 samples from 6 histograms, 0 samples were dropped.
2024-09-13 12:34:13.133  6733-6779  chromium                com.entalpiya.app                    I  [INFO:variations_seed_loader.cc(68)] Failed to open file for reading.: No such file or directory (2)
2024-09-13 12:34:13.162  6733-6733  cr_CombinedPProvider    com.entalpiya.app                    I  #registerProvider() provider:WV.V7@3178065 isPolicyCacheEnabled:false policyProvidersSize:0
2024-09-13 12:34:13.164  6733-6733  cr_PolicyProvider       com.entalpiya.app                    I  #setManagerAndSource() 0
2024-09-13 12:34:13.328  6733-6733  cr_CombinedPProvider    com.entalpiya.app                    I  #linkNativeInternal() 1
2024-09-13 12:34:13.328  6733-6733  Compatibil...geReporter com.entalpiya.app                    D  Compat change id reported: 183155436; UID 10190; state: ENABLED
2024-09-13 12:34:13.334  6733-6733  cr_AppResProvider       com.entalpiya.app                    I  #getApplicationRestrictionsFromUserManager() Bundle[EMPTY_PARCEL]
2024-09-13 12:34:13.334  6733-6733  cr_PolicyProvider       com.entalpiya.app                    I  #notifySettingsAvailable() 0
2024-09-13 12:34:13.334  6733-6733  cr_CombinedPProvider    com.entalpiya.app                    I  #onSettingsAvailable() 0
2024-09-13 12:34:13.334  6733-6733  cr_CombinedPProvider    com.entalpiya.app                    I  #flushPolicies()
2024-09-13 12:34:13.666  6733-6733  Compatibil...geReporter com.entalpiya.app                    D  Compat change id reported: 214741472; UID 10190; state: ENABLED
2024-09-13 12:34:13.682  6733-6733  Compatibil...geReporter com.entalpiya.app                    D  Compat change id reported: 171228096; UID 10190; state: ENABLED
2024-09-13 12:34:13.963  6733-6832  TrafficStats            com.entalpiya.app                    D  tagSocket(156) with statsTag=0xffffffff, statsUid=-1
2024-09-13 12:34:14.043  6733-6815  cr_media                com.entalpiya.app                    W  BLUETOOTH_CONNECT permission is missing.
2024-09-13 12:34:14.049  6733-6815  cr_media                com.entalpiya.app                    W  getBluetoothAdapter() requires BLUETOOTH permission
2024-09-13 12:34:14.049  6733-6815  cr_media                com.entalpiya.app                    W  registerBluetoothIntentsIfNeeded: Requires BLUETOOTH permission
2024-09-13 12:34:14.196  6733-6733  Compatibil...geReporter com.entalpiya.app                    D  Compat change id reported: 193247900; UID 10190; state: ENABLED
2024-09-13 12:34:14.559  6733-6766  OpenGLRenderer          com.entalpiya.app                    W  Failed to choose config with EGL_SWAP_BEHAVIOR_PRESERVED, retrying without...
2024-09-13 12:34:14.560  6733-6766  OpenGLRenderer          com.entalpiya.app                    W  Failed to initialize 101010-2 format, error = EGL_SUCCESS
2024-09-13 12:34:14.712  6733-6766  Gralloc4                com.entalpiya.app                    I  mapper 4.x is not supported
2024-09-13 12:34:14.767  6733-6766  OpenGLRenderer          com.entalpiya.app                    E  Unable to match the desired swap behavior.
2024-09-13 12:34:14.903  6733-6752  OpenGLRenderer          com.entalpiya.app                    I  Davey! duration=3600ms; Flags=1, FrameTimelineVsyncId=18391, IntendedVsync=4254341967910, Vsync=4254891967888, InputEventId=0, HandleInputStart=4254910687400, AnimationStart=4254910729600, PerformTraversalsStart=4254911072800, DrawStart=4257850229000, FrameDeadline=4254358634576, FrameInterval=4254904287700, FrameStartTime=16666666, SyncQueued=4257881579900, SyncStart=4257882484200, IssueDrawCommandsStart=4257883120300, SwapBuffers=4257932093500, FrameCompleted=4257942957100, DequeueBufferDuration=34900, QueueBufferDuration=337600, GpuCompleted=4257942957100, SwapBuffersCompleted=4257933565300, DisplayPresentTime=0, CommandSubmissionCompleted=4257932093500,
2024-09-13 12:34:15.230  6733-6808  Compatibil...geReporter com.entalpiya.app                    D  Compat change id reported: 247079863; UID 10190; state: DISABLED
2024-09-13 12:34:15.231  6733-6809  Compatibil...geReporter com.entalpiya.app                    D  Compat change id reported: 247079863; UID 10190; state: DISABLED
2024-09-13 12:34:15.238  6733-6811  Compatibil...geReporter com.entalpiya.app                    D  Compat change id reported: 247079863; UID 10190; state: DISABLED
2024-09-13 12:34:15.274  6733-6733  Choreographer           com.entalpiya.app                    I  Skipped 183 frames!  The application may be doing too much work on its main thread.
2024-09-13 12:34:15.432  6733-6752  OpenGLRenderer          com.entalpiya.app                    I  Davey! duration=3218ms; Flags=0, FrameTimelineVsyncId=18875, IntendedVsync=4255258634540, Vsync=4258308634418, InputEventId=0, HandleInputStart=4258337515600, AnimationStart=4258337541200, PerformTraversalsStart=4258470616000, DrawStart=4258471935600, FrameDeadline=4257975301098, FrameInterval=4258320575500, FrameStartTime=16666666, SyncQueued=4258472554000, SyncStart=4258472735400, IssueDrawCommandsStart=4258473210200, SwapBuffers=4258475005600, FrameCompleted=4258477138900, DequeueBufferDuration=52400, QueueBufferDuration=335400, GpuCompleted=4258477138900, SwapBuffersCompleted=4258476920900, DisplayPresentTime=0, CommandSubmissionCompleted=4258475005600,
2024-09-13 12:34:16.200  6733-6733  chromium                com.entalpiya.app                    I  [INFO:CONSOLE(40)] "Error rendering content: ReferenceError: marked is not defined", source: about:blank (40)
2024-09-13 12:34:16.889  6733-6867  ProfileInstaller        com.entalpiya.app                    D  Installing profile for com.entalpiya.app
2024-09-13 12:36:24.470  6974-6974  nativeloader            com.entalpiya.app                    D  Configuring clns-6 for other apk /data/app/~~oIIFOFHNDLqLFsANkskWwg==/com.entalpiya.app-71KtBG_FlWHKbkSZEPim2g==/base.apk. target_sdk_version=33, uses_libraries=, library_path=/data/app/~~oIIFOFHNDLqLFsANkskWwg==/com.entalpiya.app-71KtBG_FlWHKbkSZEPim2g==/lib/x86_64, permitted_path=/data:/mnt/expand:/data/user/0/com.entalpiya.app
2024-09-13 12:36:24.503  6974-6974  nativeloader            com.entalpiya.app                    D  Load libframework-connectivity-jni.so using APEX ns com_android_tethering for caller /apex/com.android.tethering/javalib/framework-connectivity.jar: ok
2024-09-13 12:36:24.510  6974-6974  GraphicsEnvironment     com.entalpiya.app                    V  Currently set values for:
2024-09-13 12:36:24.510  6974-6974  GraphicsEnvironment     com.entalpiya.app                    V    angle_gl_driver_selection_pkgs=[]
2024-09-13 12:36:24.510  6974-6974  GraphicsEnvironment     com.entalpiya.app                    V    angle_gl_driver_selection_values=[]
2024-09-13 12:36:24.513  6974-6974  GraphicsEnvironment     com.entalpiya.app                    V  ANGLE GameManagerService for com.entalpiya.app: false
2024-09-13 12:36:24.513  6974-6974  GraphicsEnvironment     com.entalpiya.app                    V  com.entalpiya.app is not listed in per-application setting
2024-09-13 12:36:24.514  6974-6974  GraphicsEnvironment     com.entalpiya.app                    V  Neither updatable production driver nor prerelease driver is supported.
2024-09-13 12:36:24.627  6974-6991  libEGL                  com.entalpiya.app                    D  loaded /vendor/lib64/egl/libEGL_emulation.so
2024-09-13 12:36:24.631  6974-6991  libEGL                  com.entalpiya.app                    D  loaded /vendor/lib64/egl/libGLESv1_CM_emulation.so
2024-09-13 12:36:24.641  6974-6991  libEGL                  com.entalpiya.app                    D  loaded /vendor/lib64/egl/libGLESv2_emulation.so
2024-09-13 12:36:24.848  6974-6974  Compatibil...geReporter com.entalpiya.app                    D  Compat change id reported: 237531167; UID 10190; state: DISABLED
2024-09-13 12:36:24.866  6974-6974  OpenGLRenderer          com.entalpiya.app                    W  Unknown dataspace 0
2024-09-13 12:36:25.196  6974-6979  m.entalpiya.app         com.entalpiya.app                    I  Compiler allocated 4478KB to compile void android.view.ViewRootImpl.performTraversals()
2024-09-13 12:36:25.320  6974-6974  m.entalpiya.app         com.entalpiya.app                    W  Method java.lang.Object androidx.compose.runtime.snapshots.SnapshotStateMap.mutate(kotlin.jvm.functions.Function1) failed lock verification and will run slower.
                                                                                                    Common causes for lock verification issues are non-optimized dex code
                                                                                                    and incorrect proguard optimizations.
2024-09-13 12:36:25.320  6974-6974  m.entalpiya.app         com.entalpiya.app                    W  Method void androidx.compose.runtime.snapshots.SnapshotStateMap.update(kotlin.jvm.functions.Function1) failed lock verification and will run slower.
2024-09-13 12:36:25.321  6974-6974  m.entalpiya.app         com.entalpiya.app                    W  Method boolean androidx.compose.runtime.snapshots.SnapshotStateMap.removeIf$runtime_release(kotlin.jvm.functions.Function1) failed lock verification and will run slower.
2024-09-13 12:36:25.637  6974-6974  ziparchive              com.entalpiya.app                    W  Unable to open '/data/app/~~USrxb2BpJrckChBoGxXhVQ==/com.google.android.trichromelibrary_653310338-IQoGbH1Bx6FuG4EgCAed9w==/base.dm': No such file or directory
2024-09-13 12:36:25.637  6974-6974  ziparchive              com.entalpiya.app                    W  Unable to open '/data/app/~~USrxb2BpJrckChBoGxXhVQ==/com.google.android.trichromelibrary_653310338-IQoGbH1Bx6FuG4EgCAed9w==/base.dm': No such file or directory
2024-09-13 12:36:25.640  6974-6974  m.entalpiya.app         com.entalpiya.app                    W  Entry not found
2024-09-13 12:36:25.648  6974-6974  nativeloader            com.entalpiya.app                    D  Configuring clns-7 for other apk /data/app/~~USrxb2BpJrckChBoGxXhVQ==/com.google.android.trichromelibrary_653310338-IQoGbH1Bx6FuG4EgCAed9w==/base.apk. target_sdk_version=35, uses_libraries=ALL, library_path=/data/app/~~Sxozd8P1p67BjdRKYXnI2A==/com.google.android.webview-5g6Cun7sF9LyY-DonupzNQ==/lib/x86_64:/data/app/~~Sxozd8P1p67BjdRKYXnI2A==/com.google.android.webview-5g6Cun7sF9LyY-DonupzNQ==/base.apk!/lib/x86_64:/data/app/~~USrxb2BpJrckChBoGxXhVQ==/com.google.android.trichromelibrary_653310338-IQoGbH1Bx6FuG4EgCAed9w==/base.apk!/lib/x86_64, permitted_path=/data:/mnt/expand
2024-09-13 12:36:25.652  6974-6974  ApplicationLoaders      com.entalpiya.app                    D  Returning zygote-cached class loader: /system_ext/framework/androidx.window.extensions.jar
2024-09-13 12:36:25.660  6974-6974  nativeloader            com.entalpiya.app                    D  Configuring clns-8 for other apk /data/app/~~Sxozd8P1p67BjdRKYXnI2A==/com.google.android.webview-5g6Cun7sF9LyY-DonupzNQ==/base.apk. target_sdk_version=35, uses_libraries=, library_path=/data/app/~~Sxozd8P1p67BjdRKYXnI2A==/com.google.android.webview-5g6Cun7sF9LyY-DonupzNQ==/lib/x86_64:/data/app/~~Sxozd8P1p67BjdRKYXnI2A==/com.google.android.webview-5g6Cun7sF9LyY-DonupzNQ==/base.apk!/lib/x86_64:/data/app/~~USrxb2BpJrckChBoGxXhVQ==/com.google.android.trichromelibrary_653310338-IQoGbH1Bx6FuG4EgCAed9w==/base.apk!/lib/x86_64, permitted_path=/data:/mnt/expand
2024-09-13 12:36:25.670  6974-6974  WebViewFactory          com.entalpiya.app                    I  Loading com.google.android.webview version 127.0.6533.103 (code 653310338)
2024-09-13 12:36:25.760  6974-6974  cr_WVCFactoryProvider   com.entalpiya.app                    I  version=127.0.6533.103 (653310338) minSdkVersion=29 isBundle=true multiprocess=true packageId=2
2024-09-13 12:36:25.804  6974-6974  nativeloader            com.entalpiya.app                    D  Load /data/app/~~USrxb2BpJrckChBoGxXhVQ==/com.google.android.trichromelibrary_653310338-IQoGbH1Bx6FuG4EgCAed9w==/base.apk!/lib/x86_64/libmonochrome_64.so using ns clns-8 from class loader (caller=/data/app/~~Sxozd8P1p67BjdRKYXnI2A==/com.google.android.webview-5g6Cun7sF9LyY-DonupzNQ==/base.apk): ok
2024-09-13 12:36:25.809  6974-6974  nativeloader            com.entalpiya.app                    D  Load /system/lib64/libwebviewchromium_plat_support.so using ns clns-8 from class loader (caller=/data/app/~~Sxozd8P1p67BjdRKYXnI2A==/com.google.android.webview-5g6Cun7sF9LyY-DonupzNQ==/base.apk): ok
2024-09-13 12:36:25.820  6974-6995  chromium                com.entalpiya.app                    E  [0913/043625.817557:ERROR:variations_seed_loader.cc(39)] Seed missing signature.
2024-09-13 12:36:25.821  6974-6995  chromium                com.entalpiya.app                    I  [0913/043625.821064:INFO:variations_seed_loader.cc(68)] Failed to open file for reading.: No such file or directory (2)
2024-09-13 12:36:25.840  6974-6974  cr_LibraryLoader        com.entalpiya.app                    I  Successfully loaded native library
2024-09-13 12:36:25.841  6974-6974  cr_CachingUmaRecorder   com.entalpiya.app                    I  Flushed 6 samples from 6 histograms, 0 samples were dropped.
2024-09-13 12:36:25.860  6974-6974  cr_CombinedPProvider    com.entalpiya.app                    I  #registerProvider() provider:WV.V7@5a681eb isPolicyCacheEnabled:false policyProvidersSize:0
2024-09-13 12:36:25.862  6974-6974  cr_PolicyProvider       com.entalpiya.app                    I  #setManagerAndSource() 0
2024-09-13 12:36:25.960  6974-6974  cr_CombinedPProvider    com.entalpiya.app                    I  #linkNativeInternal() 1
2024-09-13 12:36:25.960  6974-6974  Compatibil...geReporter com.entalpiya.app                    D  Compat change id reported: 183155436; UID 10190; state: ENABLED
2024-09-13 12:36:25.964  6974-6974  cr_AppResProvider       com.entalpiya.app                    I  #getApplicationRestrictionsFromUserManager() Bundle[EMPTY_PARCEL]
2024-09-13 12:36:25.964  6974-6974  cr_PolicyProvider       com.entalpiya.app                    I  #notifySettingsAvailable() 0
2024-09-13 12:36:25.964  6974-6974  cr_CombinedPProvider    com.entalpiya.app                    I  #onSettingsAvailable() 0
2024-09-13 12:36:25.964  6974-6974  cr_CombinedPProvider    com.entalpiya.app                    I  #flushPolicies()
2024-09-13 12:36:26.261  6974-6974  Compatibil...geReporter com.entalpiya.app                    D  Compat change id reported: 214741472; UID 10190; state: ENABLED
2024-09-13 12:36:26.276  6974-6974  Compatibil...geReporter com.entalpiya.app                    D  Compat change id reported: 171228096; UID 10190; state: ENABLED
2024-09-13 12:36:26.387  6974-6974  System.out              com.entalpiya.app                    I  markedJsPath: file:///data/user/0/com.entalpiya.app/files/marked.min.js
2024-09-13 12:36:26.466  6974-7017  cr_media                com.entalpiya.app                    W  BLUETOOTH_CONNECT permission is missing.
2024-09-13 12:36:26.469  6974-7017  cr_media                com.entalpiya.app                    W  getBluetoothAdapter() requires BLUETOOTH permission
2024-09-13 12:36:26.469  6974-7017  cr_media                com.entalpiya.app                    W  registerBluetoothIntentsIfNeeded: Requires BLUETOOTH permission
2024-09-13 12:36:26.558  6974-6974  Compatibil...geReporter com.entalpiya.app                    D  Compat change id reported: 193247900; UID 10190; state: ENABLED
2024-09-13 12:36:26.788  6974-6989  OpenGLRenderer          com.entalpiya.app                    W  Failed to choose config with EGL_SWAP_BEHAVIOR_PRESERVED, retrying without...
2024-09-13 12:36:26.788  6974-6989  OpenGLRenderer          com.entalpiya.app                    W  Failed to initialize 101010-2 format, error = EGL_SUCCESS
2024-09-13 12:36:26.912  6974-6989  Gralloc4                com.entalpiya.app                    I  mapper 4.x is not supported
2024-09-13 12:36:26.951  6974-6989  OpenGLRenderer          com.entalpiya.app                    E  Unable to match the desired swap behavior.
2024-09-13 12:36:27.064  6974-6986  OpenGLRenderer          com.entalpiya.app                    I  Davey! duration=2465ms; Flags=1, FrameTimelineVsyncId=21406, IntendedVsync=4387625295912, Vsync=4387925295900, InputEventId=0, HandleInputStart=4387935059500, AnimationStart=4387935092800, PerformTraversalsStart=4387935418800, DrawStart=4390000991600, FrameDeadline=4387641962578, FrameInterval=4387934535000, FrameStartTime=16666666, SyncQueued=4390010515900, SyncStart=4390029767000, IssueDrawCommandsStart=4390030885600, SwapBuffers=4390101898200, FrameCompleted=4390110176400, DequeueBufferDuration=22400, QueueBufferDuration=245200, GpuCompleted=4390110176400, SwapBuffersCompleted=4390102752500, DisplayPresentTime=0, CommandSubmissionCompleted=4390101898200,
2024-09-13 12:36:27.239  6974-6974  Choreographer           com.entalpiya.app                    I  Skipped 129 frames!  The application may be doing too much work on its main thread.
2024-09-13 12:36:27.284  6974-6986  OpenGLRenderer          com.entalpiya.app                    I  Davey! duration=2200ms; Flags=0, FrameTimelineVsyncId=21674, IntendedVsync=4388125295892, Vsync=4390275295806, InputEventId=0, HandleInputStart=4390289569700, AnimationStart=4390289674400, PerformTraversalsStart=4390306798800, DrawStart=4390307003900, FrameDeadline=4390141962478, FrameInterval=4390288907900, FrameStartTime=16666666, SyncQueued=4390307515100, SyncStart=4390307664800, IssueDrawCommandsStart=4390307752100, SwapBuffers=4390310800700, FrameCompleted=4390326303100, DequeueBufferDuration=26200, QueueBufferDuration=396200, GpuCompleted=4390326303100, SwapBuffersCompleted=4390311966900, DisplayPresentTime=0, CommandSubmissionCompleted=4390310800700,
2024-09-13 12:36:27.292  6974-7011  Compatibil...geReporter com.entalpiya.app                    D  Compat change id reported: 247079863; UID 10190; state: DISABLED
2024-09-13 12:36:27.294  6974-7014  Compatibil...geReporter com.entalpiya.app                    D  Compat change id reported: 247079863; UID 10190; state: DISABLED
2024-09-13 12:36:27.299  6974-7012  Compatibil...geReporter com.entalpiya.app                    D  Compat change id reported: 247079863; UID 10190; state: DISABLED
2024-09-13 12:36:27.651  6974-6974  chromium                com.entalpiya.app                    I  [INFO:CONSOLE(40)] "Error rendering content: ReferenceError: marked is not defined", source: about:blank (40)
2024-09-13 12:36:30.322  6974-7056  ProfileInstaller        com.entalpiya.app                    D  Installing profile for com.entalpiya.app
2024-09-13 12:42:05.210  7214-7214  ziparchive              com.entalpiya.app                    W  Unable to open '/data/data/com.entalpiya.app/code_cache/.overlay/base.apk/classes5.dm': No such file or directory
2024-09-13 12:42:05.214  7214-7214  ziparchive              com.entalpiya.app                    W  Unable to open '/data/app/~~oIIFOFHNDLqLFsANkskWwg==/com.entalpiya.app-71KtBG_FlWHKbkSZEPim2g==/base.dm': No such file or directory
2024-09-13 12:42:05.214  7214-7214  ziparchive              com.entalpiya.app                    W  Unable to open '/data/app/~~oIIFOFHNDLqLFsANkskWwg==/com.entalpiya.app-71KtBG_FlWHKbkSZEPim2g==/base.dm': No such file or directory
2024-09-13 12:42:05.415  7214-7214  nativeloader            com.entalpiya.app                    D  Configuring clns-6 for other apk /data/app/~~oIIFOFHNDLqLFsANkskWwg==/com.entalpiya.app-71KtBG_FlWHKbkSZEPim2g==/base.apk. target_sdk_version=33, uses_libraries=, library_path=/data/app/~~oIIFOFHNDLqLFsANkskWwg==/com.entalpiya.app-71KtBG_FlWHKbkSZEPim2g==/lib/x86_64, permitted_path=/data:/mnt/expand:/data/user/0/com.entalpiya.app
2024-09-13 12:42:05.440  7214-7214  nativeloader            com.entalpiya.app                    D  Load libframework-connectivity-jni.so using APEX ns com_android_tethering for caller /apex/com.android.tethering/javalib/framework-connectivity.jar: ok
2024-09-13 12:42:05.450  7214-7214  GraphicsEnvironment     com.entalpiya.app                    V  Currently set values for:
2024-09-13 12:42:05.450  7214-7214  GraphicsEnvironment     com.entalpiya.app                    V    angle_gl_driver_selection_pkgs=[]
2024-09-13 12:42:05.451  7214-7214  GraphicsEnvironment     com.entalpiya.app                    V    angle_gl_driver_selection_values=[]
2024-09-13 12:42:05.452  7214-7214  GraphicsEnvironment     com.entalpiya.app                    V  ANGLE GameManagerService for com.entalpiya.app: false
2024-09-13 12:42:05.453  7214-7214  GraphicsEnvironment     com.entalpiya.app                    V  com.entalpiya.app is not listed in per-application setting
2024-09-13 12:42:05.453  7214-7214  GraphicsEnvironment     com.entalpiya.app                    V  Neither updatable production driver nor prerelease driver is supported.
2024-09-13 12:42:05.541  7214-7231  libEGL                  com.entalpiya.app                    D  loaded /vendor/lib64/egl/libEGL_emulation.so
2024-09-13 12:42:05.548  7214-7231  libEGL                  com.entalpiya.app                    D  loaded /vendor/lib64/egl/libGLESv1_CM_emulation.so
2024-09-13 12:42:05.553  7214-7231  libEGL                  com.entalpiya.app                    D  loaded /vendor/lib64/egl/libGLESv2_emulation.so
2024-09-13 12:42:05.751  7214-7214  Compatibil...geReporter com.entalpiya.app                    D  Compat change id reported: 237531167; UID 10190; state: DISABLED
2024-09-13 12:42:05.756  7214-7214  OpenGLRenderer          com.entalpiya.app                    W  Unknown dataspace 0
2024-09-13 12:42:06.083  7214-7218  m.entalpiya.app         com.entalpiya.app                    I  Compiler allocated 4478KB to compile void android.view.ViewRootImpl.performTraversals()
2024-09-13 12:42:06.187  7214-7214  m.entalpiya.app         com.entalpiya.app                    W  Method java.lang.Object androidx.compose.runtime.snapshots.SnapshotStateMap.mutate(kotlin.jvm.functions.Function1) failed lock verification and will run slower.
                                                                                                    Common causes for lock verification issues are non-optimized dex code
                                                                                                    and incorrect proguard optimizations.
2024-09-13 12:42:06.187  7214-7214  m.entalpiya.app         com.entalpiya.app                    W  Method void androidx.compose.runtime.snapshots.SnapshotStateMap.update(kotlin.jvm.functions.Function1) failed lock verification and will run slower.
2024-09-13 12:42:06.188  7214-7214  m.entalpiya.app         com.entalpiya.app                    W  Method boolean androidx.compose.runtime.snapshots.SnapshotStateMap.removeIf$runtime_release(kotlin.jvm.functions.Function1) failed lock verification and will run slower.
2024-09-13 12:42:06.495  7214-7214  ziparchive              com.entalpiya.app                    W  Unable to open '/data/app/~~USrxb2BpJrckChBoGxXhVQ==/com.google.android.trichromelibrary_653310338-IQoGbH1Bx6FuG4EgCAed9w==/base.dm': No such file or directory
2024-09-13 12:42:06.495  7214-7214  ziparchive              com.entalpiya.app                    W  Unable to open '/data/app/~~USrxb2BpJrckChBoGxXhVQ==/com.google.android.trichromelibrary_653310338-IQoGbH1Bx6FuG4EgCAed9w==/base.dm': No such file or directory
2024-09-13 12:42:06.498  7214-7214  m.entalpiya.app         com.entalpiya.app                    W  Entry not found
2024-09-13 12:42:06.505  7214-7214  nativeloader            com.entalpiya.app                    D  Configuring clns-7 for other apk /data/app/~~USrxb2BpJrckChBoGxXhVQ==/com.google.android.trichromelibrary_653310338-IQoGbH1Bx6FuG4EgCAed9w==/base.apk. target_sdk_version=35, uses_libraries=ALL, library_path=/data/app/~~Sxozd8P1p67BjdRKYXnI2A==/com.google.android.webview-5g6Cun7sF9LyY-DonupzNQ==/lib/x86_64:/data/app/~~Sxozd8P1p67BjdRKYXnI2A==/com.google.android.webview-5g6Cun7sF9LyY-DonupzNQ==/base.apk!/lib/x86_64:/data/app/~~USrxb2BpJrckChBoGxXhVQ==/com.google.android.trichromelibrary_653310338-IQoGbH1Bx6FuG4EgCAed9w==/base.apk!/lib/x86_64, permitted_path=/data:/mnt/expand
2024-09-13 12:42:06.509  7214-7214  ApplicationLoaders      com.entalpiya.app                    D  Returning zygote-cached class loader: /system_ext/framework/androidx.window.extensions.jar
2024-09-13 12:42:06.520  7214-7214  nativeloader            com.entalpiya.app                    D  Configuring clns-8 for other apk /data/app/~~Sxozd8P1p67BjdRKYXnI2A==/com.google.android.webview-5g6Cun7sF9LyY-DonupzNQ==/base.apk. target_sdk_version=35, uses_libraries=, library_path=/data/app/~~Sxozd8P1p67BjdRKYXnI2A==/com.google.android.webview-5g6Cun7sF9LyY-DonupzNQ==/lib/x86_64:/data/app/~~Sxozd8P1p67BjdRKYXnI2A==/com.google.android.webview-5g6Cun7sF9LyY-DonupzNQ==/base.apk!/lib/x86_64:/data/app/~~USrxb2BpJrckChBoGxXhVQ==/com.google.android.trichromelibrary_653310338-IQoGbH1Bx6FuG4EgCAed9w==/base.apk!/lib/x86_64, permitted_path=/data:/mnt/expand
2024-09-13 12:42:06.528  7214-7214  WebViewFactory          com.entalpiya.app                    I  Loading com.google.android.webview version 127.0.6533.103 (code 653310338)
2024-09-13 12:42:06.614  7214-7214  cr_WVCFactoryProvider   com.entalpiya.app                    I  version=127.0.6533.103 (653310338) minSdkVersion=29 isBundle=true multiprocess=true packageId=2
2024-09-13 12:42:06.668  7214-7214  nativeloader            com.entalpiya.app                    D  Load /data/app/~~USrxb2BpJrckChBoGxXhVQ==/com.google.android.trichromelibrary_653310338-IQoGbH1Bx6FuG4EgCAed9w==/base.apk!/lib/x86_64/libmonochrome_64.so using ns clns-8 from class loader (caller=/data/app/~~Sxozd8P1p67BjdRKYXnI2A==/com.google.android.webview-5g6Cun7sF9LyY-DonupzNQ==/base.apk): ok
2024-09-13 12:42:06.673  7214-7214  nativeloader            com.entalpiya.app                    D  Load /system/lib64/libwebviewchromium_plat_support.so using ns clns-8 from class loader (caller=/data/app/~~Sxozd8P1p67BjdRKYXnI2A==/com.google.android.webview-5g6Cun7sF9LyY-DonupzNQ==/base.apk): ok
2024-09-13 12:42:06.701  7214-7235  chromium                com.entalpiya.app                    E  [0913/044206.682739:ERROR:variations_seed_loader.cc(39)] Seed missing signature.
2024-09-13 12:42:06.704  7214-7235  chromium                com.entalpiya.app                    I  [INFO:variations_seed_loader.cc(68)] Failed to open file for reading.: No such file or directory (2)
2024-09-13 12:42:06.706  7214-7214  cr_LibraryLoader        com.entalpiya.app                    I  Successfully loaded native library
2024-09-13 12:42:06.707  7214-7214  cr_CachingUmaRecorder   com.entalpiya.app                    I  Flushed 6 samples from 6 histograms, 0 samples were dropped.
2024-09-13 12:42:06.724  7214-7214  cr_CombinedPProvider    com.entalpiya.app                    I  #registerProvider() provider:WV.V7@5a681eb isPolicyCacheEnabled:false policyProvidersSize:0
2024-09-13 12:42:06.728  7214-7214  cr_PolicyProvider       com.entalpiya.app                    I  #setManagerAndSource() 0
2024-09-13 12:42:06.766  7214-7214  cr_CombinedPProvider    com.entalpiya.app                    I  #linkNativeInternal() 1
2024-09-13 12:42:06.777  7214-7214  Compatibil...geReporter com.entalpiya.app                    D  Compat change id reported: 183155436; UID 10190; state: ENABLED
2024-09-13 12:42:06.783  7214-7214  cr_AppResProvider       com.entalpiya.app                    I  #getApplicationRestrictionsFromUserManager() Bundle[EMPTY_PARCEL]
2024-09-13 12:42:06.783  7214-7214  cr_PolicyProvider       com.entalpiya.app                    I  #notifySettingsAvailable() 0
2024-09-13 12:42:06.784  7214-7214  cr_CombinedPProvider    com.entalpiya.app                    I  #onSettingsAvailable() 0
2024-09-13 12:42:06.784  7214-7214  cr_CombinedPProvider    com.entalpiya.app                    I  #flushPolicies()
2024-09-13 12:42:06.997  7214-7214  Compatibil...geReporter com.entalpiya.app                    D  Compat change id reported: 214741472; UID 10190; state: ENABLED
2024-09-13 12:42:07.014  7214-7214  Compatibil...geReporter com.entalpiya.app                    D  Compat change id reported: 171228096; UID 10190; state: ENABLED
2024-09-13 12:42:07.095  7214-7214  System.out              com.entalpiya.app                    I  markedJsPath: https://cdn.jsdelivr.net/npm/marked/marked.min.js
2024-09-13 12:42:07.151  7214-7257  cr_media                com.entalpiya.app                    W  BLUETOOTH_CONNECT permission is missing.
2024-09-13 12:42:07.154  7214-7257  cr_media                com.entalpiya.app                    W  getBluetoothAdapter() requires BLUETOOTH permission
2024-09-13 12:42:07.156  7214-7257  cr_media                com.entalpiya.app                    W  registerBluetoothIntentsIfNeeded: Requires BLUETOOTH permission
2024-09-13 12:42:07.208  7214-7214  Compatibil...geReporter com.entalpiya.app                    D  Compat change id reported: 193247900; UID 10190; state: ENABLED
2024-09-13 12:42:07.317  7214-7229  OpenGLRenderer          com.entalpiya.app                    W  Failed to choose config with EGL_SWAP_BEHAVIOR_PRESERVED, retrying without...
2024-09-13 12:42:07.321  7214-7229  OpenGLRenderer          com.entalpiya.app                    W  Failed to initialize 101010-2 format, error = EGL_SUCCESS
2024-09-13 12:42:07.378  7214-7229  Gralloc4                com.entalpiya.app                    I  mapper 4.x is not supported
2024-09-13 12:42:07.406  7214-7229  OpenGLRenderer          com.entalpiya.app                    E  Unable to match the desired swap behavior.
2024-09-13 12:42:07.497  7214-7224  OpenGLRenderer          com.entalpiya.app                    I  Davey! duration=1957ms; Flags=1, FrameTimelineVsyncId=24048, IntendedVsync=4728558615608, Vsync=4728808615598, InputEventId=0, HandleInputStart=4728816789100, AnimationStart=4728816818100, PerformTraversalsStart=4728817090400, DrawStart=4730457117300, FrameDeadline=4728575282274, FrameInterval=4728816486900, FrameStartTime=16666666, SyncQueued=4730466103500, SyncStart=4730492761100, IssueDrawCommandsStart=4730494231700, SwapBuffers=4730534147700, FrameCompleted=4730542898000, DequeueBufferDuration=28200, QueueBufferDuration=229400, GpuCompleted=4730542898000, SwapBuffersCompleted=4730535037300, DisplayPresentTime=0, CommandSubmissionCompleted=4730534147700,
2024-09-13 12:42:07.547  7214-7242  Compatibil...geReporter com.entalpiya.app                    D  Compat change id reported: 247079863; UID 10190; state: DISABLED
2024-09-13 12:42:07.633  7214-7214  Choreographer           com.entalpiya.app                    I  Skipped 101 frames!  The application may be doing too much work on its main thread.
2024-09-13 12:42:07.737  7214-7225  OpenGLRenderer          com.entalpiya.app                    I  Davey! duration=1784ms; Flags=0, FrameTimelineVsyncId=24284, IntendedVsync=4728991948924, Vsync=4730675282190, InputEventId=0, HandleInputStart=4730687570900, AnimationStart=4730687598300, PerformTraversalsStart=4730750560100, DrawStart=4730754632800, FrameDeadline=4730575282194, FrameInterval=4730683100000, FrameStartTime=16666666, SyncQueued=4730757021200, SyncStart=4730757218400, IssueDrawCommandsStart=4730757477300, SwapBuffers=4730758575400, FrameCompleted=4730776278800, DequeueBufferDuration=110900, QueueBufferDuration=602900, GpuCompleted=4730776278800, SwapBuffersCompleted=4730759915300, DisplayPresentTime=0, CommandSubmissionCompleted=4730758575400,
2024-09-13 12:42:10.995  7214-7296  ProfileInstaller        com.entalpiya.app                    D  Installing profile for com.entalpiya.app
